0 info it worked if it ends with ok
1 verbose cli [ '/usr/bin/node',
1 verbose cli   '/usr/bin/npm',
1 verbose cli   'install',
1 verbose cli   '--save-prod',
1 verbose cli   'google-libphonenumber' ]
2 info using npm@3.5.2
3 info using node@v8.10.0
4 silly loadCurrentTree Starting
5 silly install loadCurrentTree
6 silly install readLocalPackageData
7 silly fetchPackageMetaData google-libphonenumber
8 silly fetchNamedPackageData google-libphonenumber
9 silly mapToRegistry name google-libphonenumber
10 silly mapToRegistry using default registry
11 silly mapToRegistry registry https://registry.npmjs.org/
12 silly mapToRegistry uri https://registry.npmjs.org/google-libphonenumber
13 verbose request uri https://registry.npmjs.org/google-libphonenumber
14 verbose request no auth needed
15 info attempt registry request try #1 at 6:49:12 PM
16 verbose request id 3d8d81e91209efa7
17 http request GET https://registry.npmjs.org/google-libphonenumber
18 http 200 https://registry.npmjs.org/google-libphonenumber
19 verbose headers { date: 'Mon, 25 Jun 2018 21:49:11 GMT',
19 verbose headers   'content-type': 'application/json; charset=UTF-8',
19 verbose headers   'transfer-encoding': 'chunked',
19 verbose headers   connection: 'keep-alive',
19 verbose headers   'set-cookie':
19 verbose headers    [ '__cfduid=db9e85037cf8d3bdf9038ce30b5091e1c1529963351; expires=Tue, 25-Jun-19 21:49:11 GMT; path=/; domain=.registry.npmjs.org; HttpOnly' ],
19 verbose headers   'cache-control': 'max-age=300',
19 verbose headers   'cf-cache-status': 'HIT',
19 verbose headers   'cf-ray': '430aa4828b3d4aa8-GRU',
19 verbose headers   etag: 'W/"efa4e8d395024b065ac58ff2baf8f7df"',
19 verbose headers   'expect-ct': 'max-age=604800, report-uri="https://report-uri.cloudflare.com/cdn-cgi/beacon/expect-ct"',
19 verbose headers   'last-modified': 'Mon, 18 Jun 2018 23:02:49 GMT',
19 verbose headers   vary: 'accept-encoding, accept',
19 verbose headers   server: 'cloudflare',
19 verbose headers   'content-encoding': 'gzip' }
20 silly get cb [ 200,
20 silly get   { date: 'Mon, 25 Jun 2018 21:49:11 GMT',
20 silly get     'content-type': 'application/json; charset=UTF-8',
20 silly get     'transfer-encoding': 'chunked',
20 silly get     connection: 'keep-alive',
20 silly get     'set-cookie':
20 silly get      [ '__cfduid=db9e85037cf8d3bdf9038ce30b5091e1c1529963351; expires=Tue, 25-Jun-19 21:49:11 GMT; path=/; domain=.registry.npmjs.org; HttpOnly' ],
20 silly get     'cache-control': 'max-age=300',
20 silly get     'cf-cache-status': 'HIT',
20 silly get     'cf-ray': '430aa4828b3d4aa8-GRU',
20 silly get     etag: 'W/"efa4e8d395024b065ac58ff2baf8f7df"',
20 silly get     'expect-ct': 'max-age=604800, report-uri="https://report-uri.cloudflare.com/cdn-cgi/beacon/expect-ct"',
20 silly get     'last-modified': 'Mon, 18 Jun 2018 23:02:49 GMT',
20 silly get     vary: 'accept-encoding, accept',
20 silly get     server: 'cloudflare',
20 silly get     'content-encoding': 'gzip' } ]
21 verbose get saving google-libphonenumber to /home/jorge/.npm/registry.npmjs.org/google-libphonenumber/.cache.json
22 silly install normalizeTree
23 silly loadCurrentTree Finishing
24 silly loadIdealTree Starting
25 silly install loadIdealTree
26 silly cloneCurrentTree Starting
27 silly install cloneCurrentTreeToIdealTree
28 silly cloneCurrentTree Finishing
29 silly loadShrinkwrap Starting
30 silly install loadShrinkwrap
31 silly loadShrinkwrap Finishing
32 silly loadAllDepsIntoIdealTree Starting
33 silly install loadAllDepsIntoIdealTree
34 silly resolveWithNewModule google-libphonenumber@3.1.8 checking installable status
35 silly cache add args [ 'google-libphonenumber', null ]
36 verbose cache add spec google-libphonenumber
37 silly cache add parsed spec Result {
37 silly cache add   raw: 'google-libphonenumber',
37 silly cache add   scope: null,
37 silly cache add   name: 'google-libphonenumber',
37 silly cache add   rawSpec: '',
37 silly cache add   spec: 'latest',
37 silly cache add   type: 'tag' }
38 silly addNamed google-libphonenumber@latest
39 verbose addNamed "latest" is being treated as a dist-tag for google-libphonenumber
40 info addNameTag [ 'google-libphonenumber', 'latest' ]
41 silly mapToRegistry name google-libphonenumber
42 silly mapToRegistry using default registry
43 silly mapToRegistry registry https://registry.npmjs.org/
44 silly mapToRegistry uri https://registry.npmjs.org/google-libphonenumber
45 verbose addNameTag registry:https://registry.npmjs.org/google-libphonenumber not in flight; fetching
46 verbose get https://registry.npmjs.org/google-libphonenumber not expired, no request
47 silly addNameTag next cb for google-libphonenumber with tag latest
48 silly addNamed google-libphonenumber@3.1.8
49 verbose addNamed "3.1.8" is a plain semver version for google-libphonenumber
50 silly mapToRegistry name google-libphonenumber
51 silly mapToRegistry using default registry
52 silly mapToRegistry registry https://registry.npmjs.org/
53 silly mapToRegistry uri https://registry.npmjs.org/google-libphonenumber
54 verbose addRemoteTarball https://registry.npmjs.org/google-libphonenumber/-/google-libphonenumber-3.1.8.tgz not in flight; adding
55 verbose addRemoteTarball [ 'https://registry.npmjs.org/google-libphonenumber/-/google-libphonenumber-3.1.8.tgz',
55 verbose addRemoteTarball   '076ecc21e2113371b9d67f6b7dd9ac66db9722cc' ]
56 info retry fetch attempt 1 at 6:49:12 PM
57 info attempt registry request try #1 at 6:49:12 PM
58 http fetch GET https://registry.npmjs.org/google-libphonenumber/-/google-libphonenumber-3.1.8.tgz
59 http fetch 200 https://registry.npmjs.org/google-libphonenumber/-/google-libphonenumber-3.1.8.tgz
60 silly fetchAndShaCheck shasum 076ecc21e2113371b9d67f6b7dd9ac66db9722cc
61 verbose addTmpTarball /tmp/npm-8408-f7071640/registry.npmjs.org/google-libphonenumber/-/google-libphonenumber-3.1.8.tgz not in flight; adding
62 verbose addTmpTarball already have metadata; skipping unpack for google-libphonenumber@3.1.8
63 silly cache afterAdd google-libphonenumber@3.1.8
64 verbose afterAdd /home/jorge/.npm/google-libphonenumber/3.1.8/package/package.json not in flight; writing
65 verbose afterAdd /home/jorge/.npm/google-libphonenumber/3.1.8/package/package.json written
66 silly loadAllDepsIntoIdealTree Finishing
67 silly idealTree:prePrune scripts@1.0.0
67 silly idealTree:prePrune ├─┬ cities@1.1.2
67 silly idealTree:prePrune │ └── lodash@3.10.1
67 silly idealTree:prePrune ├── google-libphonenumber@3.1.8
67 silly idealTree:prePrune ├── haversine@1.1.0
67 silly idealTree:prePrune ├── hoek@5.0.3
67 silly idealTree:prePrune ├─┬ isemail@3.1.2
67 silly idealTree:prePrune │ └── punycode@2.1.1
67 silly idealTree:prePrune ├── joi@13.4.0
67 silly idealTree:prePrune ├── lodash@4.17.10
67 silly idealTree:prePrune └── topo@3.0.0
68 silly loadIdealTree Finishing
69 silly currentTree scripts@1.0.0
69 silly currentTree ├─┬ cities@1.1.2
69 silly currentTree │ └── lodash@3.10.1
69 silly currentTree ├── haversine@1.1.0
69 silly currentTree ├── hoek@5.0.3
69 silly currentTree ├─┬ isemail@3.1.2
69 silly currentTree │ └── punycode@2.1.1
69 silly currentTree ├── joi@13.4.0
69 silly currentTree ├── lodash@4.17.10
69 silly currentTree └── topo@3.0.0
70 silly idealTree scripts@1.0.0
70 silly idealTree ├─┬ cities@1.1.2
70 silly idealTree │ └── lodash@3.10.1
70 silly idealTree ├── google-libphonenumber@3.1.8
70 silly idealTree ├── haversine@1.1.0
70 silly idealTree ├── hoek@5.0.3
70 silly idealTree ├─┬ isemail@3.1.2
70 silly idealTree │ └── punycode@2.1.1
70 silly idealTree ├── joi@13.4.0
70 silly idealTree ├── lodash@4.17.10
70 silly idealTree └── topo@3.0.0
71 silly generateActionsToTake Starting
72 silly install generateActionsToTake
73 warn checkPermissions Missing write access to /home/jorge/Web-Petshop/app/scripts/node_modules/lodash
74 silly rollbackFailedOptional Starting
75 silly rollbackFailedOptional Finishing
76 silly runTopLevelLifecycles Starting
77 silly runTopLevelLifecycles Finishing
78 silly install printInstalled
79 warn scripts@1.0.0 No description
80 warn scripts@1.0.0 No repository field.
81 verbose stack Error: EACCES: permission denied, access '/home/jorge/Web-Petshop/app/scripts/node_modules/lodash'
82 verbose cwd /home/jorge/Web-Petshop/app/scripts
83 error Linux 4.15.0-23-generic
84 error argv "/usr/bin/node" "/usr/bin/npm" "install" "--save-prod" "google-libphonenumber"
85 error node v8.10.0
86 error npm  v3.5.2
87 error path /home/jorge/Web-Petshop/app/scripts/node_modules/lodash
88 error code EACCES
89 error errno -13
90 error syscall access
91 error Error: EACCES: permission denied, access '/home/jorge/Web-Petshop/app/scripts/node_modules/lodash'
91 error  { Error: EACCES: permission denied, access '/home/jorge/Web-Petshop/app/scripts/node_modules/lodash'
91 error   errno: -13,
91 error   code: 'EACCES',
91 error   syscall: 'access',
91 error   path: '/home/jorge/Web-Petshop/app/scripts/node_modules/lodash' }
92 error Please try running this command again as root/Administrator.
93 verbose exit [ -13, true ]
